Build started 08.03.2014 21:52:09.
     1>Project "E:\Roman\Project Visual\Task3_z_26\Task3_z_26\Task3_z_26.vcxproj" on node 2 (build target(s)).
     1>InitializeBuildStatus:
         Touching "Debug\Task3_z_26.unsuccessfulbuild".
       ClCompile:
         C:\Program Files (x86)\Microsoft Visual Studio 10.0\VC\bin\CL.exe /c /ZI /nologo /W3 /WX- /Od /Oy- /D _MBCS /Gm /EHsc /RTC1 /MDd /GS /fp:precise /Zc:wchar_t /Zc:forScope /Fo"Debug\\" /Fd"Debug\vc100.pdb" /Gd /TP /analyze- /errorReport:prompt Task3_z_26.cpp
         Task3_z_26.cpp
     1>e:\roman\project visual\task3_z_26\task3_z_26\task3_z_26.cpp(16): warning C4244: 'argument' : conversion from 'time_t' to 'unsigned int', possible loss of data
       Link:
         C:\Program Files (x86)\Microsoft Visual Studio 10.0\VC\bin\link.exe /ERRORREPORT:PROMPT /OUT:"E:\Roman\Project Visual\Task3_z_26\Debug\Task3_z_26.exe" /NOLOGO kernel32.lib user32.lib gdi32.lib winspool.lib comdlg32.lib advapi32.lib shell32.lib ole32.lib oleaut32.lib uuid.lib odbc32.lib odbccp32.lib /MANIFEST /ManifestFile:"Debug\Task3_z_26.exe.intermediate.manifest" /MANIFESTUAC:"level='asInvoker' uiAccess='false'" /DEBUG /PDB:"E:\Roman\Project Visual\Task3_z_26\Debug\Task3_z_26.pdb" /TLBID:1 /DYNAMICBASE /NXCOMPAT /IMPLIB:"E:\Roman\Project Visual\Task3_z_26\Debug\Task3_z_26.lib" /MACHINE:X86 Debug\Task3_z_26.obj
         LINK : E:\Roman\Project Visual\Task3_z_26\Debug\Task3_z_26.exe not found or not built by the last incremental link; performing full link
         Task3_z_26.vcxproj -> E:\Roman\Project Visual\Task3_z_26\Debug\Task3_z_26.exe
       Manifest:
         C:\Program Files (x86)\Microsoft SDKs\Windows\v7.0A\bin\mt.exe /nologo /verbose /outputresource:"E:\Roman\Project Visual\Task3_z_26\Debug\Task3_z_26.exe;#1" /manifest Debug\Task3_z_26.exe.intermediate.manifest
       FinalizeBuildStatus:
         Deleting file "Debug\Task3_z_26.unsuccessfulbuild".
         Touching "Debug\Task3_z_26.lastbuildstate".
     1>Done Building Project "E:\Roman\Project Visual\Task3_z_26\Task3_z_26\Task3_z_26.vcxproj" (build target(s)).

Build succeeded.

Time Elapsed 00:00:01.33
